node_modules/@cosmjs/cosmwasm-stargate/node_modules/@cosmjs/proto-signing/build/registry.d.ts(4,13): error TS1192: Module '"/Users/troykessler/Desktop/skip-test/node_modules/protobufjs/index"' has no default export.
node_modules/@injectivelabs/core-proto-ts/cjs/cosmos/auth/v1beta1/auth.d.ts(1,8): error TS1192: Module '"/Users/troykessler/Desktop/skip-test/node_modules/@injectivelabs/core-proto-ts/node_modules/protobufjs/minimal"' has no default export.
node_modules/@injectivelabs/core-proto-ts/cjs/cosmos/auth/v1beta1/genesis.d.ts(1,8): error TS1192: Module '"/Users/troykessler/Desktop/skip-test/node_modules/@injectivelabs/core-proto-ts/node_modules/protobufjs/minimal"' has no default export.
node_modules/@injectivelabs/core-proto-ts/cjs/cosmos/auth/v1beta1/query.d.ts(2,8): error TS1192: Module '"/Users/troykessler/Desktop/skip-test/node_modules/@injectivelabs/core-proto-ts/node_modules/protobufjs/minimal"' has no default export.
node_modules/@injectivelabs/core-proto-ts/cjs/cosmos/authz/v1beta1/authz.d.ts(1,8): error TS1192: Module '"/Users/troykessler/Desktop/skip-test/node_modules/@injectivelabs/core-proto-ts/node_modules/protobufjs/minimal"' has no default export.
node_modules/@injectivelabs/core-proto-ts/cjs/cosmos/authz/v1beta1/event.d.ts(1,8): error TS1192: Module '"/Users/troykessler/Desktop/skip-test/node_modules/@injectivelabs/core-proto-ts/node_modules/protobufjs/minimal"' has no default export.
node_modules/@injectivelabs/core-proto-ts/cjs/cosmos/authz/v1beta1/genesis.d.ts(1,8): error TS1192: Module '"/Users/troykessler/Desktop/skip-test/node_modules/@injectivelabs/core-proto-ts/node_modules/protobufjs/minimal"' has no default export.
node_modules/@injectivelabs/core-proto-ts/cjs/cosmos/authz/v1beta1/query.d.ts(2,8): error TS1192: Module '"/Users/troykessler/Desktop/skip-test/node_modules/@injectivelabs/core-proto-ts/node_modules/protobufjs/minimal"' has no default export.
node_modules/@injectivelabs/core-proto-ts/cjs/cosmos/authz/v1beta1/tx.d.ts(2,8): error TS1192: Module '"/Users/troykessler/Desktop/skip-test/node_modules/@injectivelabs/core-proto-ts/node_modules/protobufjs/minimal"' has no default export.
node_modules/@injectivelabs/core-proto-ts/cjs/cosmos/bank/v1beta1/bank.d.ts(1,8): error TS1192: Module '"/Users/troykessler/Desktop/skip-test/node_modules/@injectivelabs/core-proto-ts/node_modules/protobufjs/minimal"' has no default export.
node_modules/@injectivelabs/core-proto-ts/cjs/cosmos/bank/v1beta1/genesis.d.ts(1,8): error TS1192: Module '"/Users/troykessler/Desktop/skip-test/node_modules/@injectivelabs/core-proto-ts/node_modules/protobufjs/minimal"' has no default export.
node_modules/@injectivelabs/core-proto-ts/cjs/cosmos/bank/v1beta1/query.d.ts(2,8): error TS1192: Module '"/Users/troykessler/Desktop/skip-test/node_modules/@injectivelabs/core-proto-ts/node_modules/protobufjs/minimal"' has no default export.
node_modules/@injectivelabs/core-proto-ts/cjs/cosmos/bank/v1beta1/tx.d.ts(2,8): error TS1192: Module '"/Users/troykessler/Desktop/skip-test/node_modules/@injectivelabs/core-proto-ts/node_modules/protobufjs/minimal"' has no default export.
node_modules/@injectivelabs/core-proto-ts/cjs/cosmos/base/abci/v1beta1/abci.d.ts(1,8): error TS1192: Module '"/Users/troykessler/Desktop/skip-test/node_modules/@injectivelabs/core-proto-ts/node_modules/protobufjs/minimal"' has no default export.
node_modules/@injectivelabs/core-proto-ts/cjs/cosmos/base/kv/v1beta1/kv.d.ts(1,8): error TS1192: Module '"/Users/troykessler/Desktop/skip-test/node_modules/@injectivelabs/core-proto-ts/node_modules/protobufjs/minimal"' has no default export.
node_modules/@injectivelabs/core-proto-ts/cjs/cosmos/base/query/v1beta1/pagination.d.ts(1,8): error TS1192: Module '"/Users/troykessler/Desktop/skip-test/node_modules/@injectivelabs/core-proto-ts/node_modules/protobufjs/minimal"' has no default export.
node_modules/@injectivelabs/core-proto-ts/cjs/cosmos/base/reflection/v1beta1/reflection.d.ts(2,8): error TS1192: Module '"/Users/troykessler/Desktop/skip-test/node_modules/@injectivelabs/core-proto-ts/node_modules/protobufjs/minimal"' has no default export.
node_modules/@injectivelabs/core-proto-ts/cjs/cosmos/base/reflection/v2alpha1/reflection.d.ts(2,8): error TS1192: Module '"/Users/troykessler/Desktop/skip-test/node_modules/@injectivelabs/core-proto-ts/node_modules/protobufjs/minimal"' has no default export.
node_modules/@injectivelabs/core-proto-ts/cjs/cosmos/base/snapshots/v1beta1/snapshot.d.ts(1,8): error TS1192: Module '"/Users/troykessler/Desktop/skip-test/node_modules/@injectivelabs/core-proto-ts/node_modules/protobufjs/minimal"' has no default export.
node_modules/@injectivelabs/core-proto-ts/cjs/cosmos/base/store/v1beta1/commit_info.d.ts(1,8): error TS1192: Module '"/Users/troykessler/Desktop/skip-test/node_modules/@injectivelabs/core-proto-ts/node_modules/protobufjs/minimal"' has no default export.
node_modules/@injectivelabs/core-proto-ts/cjs/cosmos/base/store/v1beta1/listening.d.ts(1,8): error TS1192: Module '"/Users/troykessler/Desktop/skip-test/node_modules/@injectivelabs/core-proto-ts/node_modules/protobufjs/minimal"' has no default export.
node_modules/@injectivelabs/core-proto-ts/cjs/cosmos/base/tendermint/v1beta1/query.d.ts(2,8): error TS1192: Module '"/Users/troykessler/Desktop/skip-test/node_modules/@injectivelabs/core-proto-ts/node_modules/protobufjs/minimal"' has no default export.
node_modules/@injectivelabs/core-proto-ts/cjs/cosmos/base/tendermint/v1beta1/types.d.ts(1,8): error TS1192: Module '"/Users/troykessler/Desktop/skip-test/node_modules/@injectivelabs/core-proto-ts/node_modules/protobufjs/minimal"' has no default export.
node_modules/@injectivelabs/core-proto-ts/cjs/cosmos/base/v1beta1/coin.d.ts(1,8): error TS1192: Module '"/Users/troykessler/Desktop/skip-test/node_modules/@injectivelabs/core-proto-ts/node_modules/protobufjs/minimal"' has no default export.
node_modules/@injectivelabs/core-proto-ts/cjs/cosmos/capability/v1beta1/capability.d.ts(1,8): error TS1192: Module '"/Users/troykessler/Desktop/skip-test/node_modules/@injectivelabs/core-proto-ts/node_modules/protobufjs/minimal"' has no default export.
node_modules/@injectivelabs/core-proto-ts/cjs/cosmos/capability/v1beta1/genesis.d.ts(1,8): error TS1192: Module '"/Users/troykessler/Desktop/skip-test/node_modules/@injectivelabs/core-proto-ts/node_modules/protobufjs/minimal"' has no default export.
node_modules/@injectivelabs/core-proto-ts/cjs/cosmos/crisis/v1beta1/genesis.d.ts(1,8): error TS1192: Module '"/Users/troykessler/Desktop/skip-test/node_modules/@injectivelabs/core-proto-ts/node_modules/protobufjs/minimal"' has no default export.
node_modules/@injectivelabs/core-proto-ts/cjs/cosmos/crypto/ed25519/keys.d.ts(1,8): error TS1192: Module '"/Users/troykessler/Desktop/skip-test/node_modules/@injectivelabs/core-proto-ts/node_modules/protobufjs/minimal"' has no default export.
node_modules/@injectivelabs/core-proto-ts/cjs/cosmos/crypto/multisig/keys.d.ts(1,8): error TS1192: Module '"/Users/troykessler/Desktop/skip-test/node_modules/@injectivelabs/core-proto-ts/node_modules/protobufjs/minimal"' has no default export.
node_modules/@injectivelabs/core-proto-ts/cjs/cosmos/crypto/multisig/v1beta1/multisig.d.ts(1,8): error TS1192: Module '"/Users/troykessler/Desktop/skip-test/node_modules/@injectivelabs/core-proto-ts/node_modules/protobufjs/minimal"' has no default export.
node_modules/@injectivelabs/core-proto-ts/cjs/cosmos/crypto/secp256k1/keys.d.ts(1,8): error TS1192: Module '"/Users/troykessler/Desktop/skip-test/node_modules/@injectivelabs/core-proto-ts/node_modules/protobufjs/minimal"' has no default export.
node_modules/@injectivelabs/core-proto-ts/cjs/cosmos/crypto/secp256r1/keys.d.ts(1,8): error TS1192: Module '"/Users/troykessler/Desktop/skip-test/node_modules/@injectivelabs/core-proto-ts/node_modules/protobufjs/minimal"' has no default export.
node_modules/@injectivelabs/core-proto-ts/cjs/cosmos/distribution/v1beta1/distribution.d.ts(1,8): error TS1192: Module '"/Users/troykessler/Desktop/skip-test/node_modules/@injectivelabs/core-proto-ts/node_modules/protobufjs/minimal"' has no default export.
node_modules/@injectivelabs/core-proto-ts/cjs/cosmos/distribution/v1beta1/genesis.d.ts(1,8): error TS1192: Module '"/Users/troykessler/Desktop/skip-test/node_modules/@injectivelabs/core-proto-ts/node_modules/protobufjs/minimal"' has no default export.
node_modules/@injectivelabs/core-proto-ts/cjs/cosmos/distribution/v1beta1/query.d.ts(2,8): error TS1192: Module '"/Users/troykessler/Desktop/skip-test/node_modules/@injectivelabs/core-proto-ts/node_modules/protobufjs/minimal"' has no default export.
node_modules/@injectivelabs/core-proto-ts/cjs/cosmos/distribution/v1beta1/tx.d.ts(2,8): error TS1192: Module '"/Users/troykessler/Desktop/skip-test/node_modules/@injectivelabs/core-proto-ts/node_modules/protobufjs/minimal"' has no default export.
node_modules/@injectivelabs/core-proto-ts/cjs/cosmos/evidence/v1beta1/evidence.d.ts(1,8): error TS1192: Module '"/Users/troykessler/Desktop/skip-test/node_modules/@injectivelabs/core-proto-ts/node_modules/protobufjs/minimal"' has no default export.
node_modules/@injectivelabs/core-proto-ts/cjs/cosmos/evidence/v1beta1/genesis.d.ts(1,8): error TS1192: Module '"/Users/troykessler/Desktop/skip-test/node_modules/@injectivelabs/core-proto-ts/node_modules/protobufjs/minimal"' has no default export.
node_modules/@injectivelabs/core-proto-ts/cjs/cosmos/evidence/v1beta1/query.d.ts(2,8): error TS1192: Module '"/Users/troykessler/Desktop/skip-test/node_modules/@injectivelabs/core-proto-ts/node_modules/protobufjs/minimal"' has no default export.
node_modules/@injectivelabs/core-proto-ts/cjs/cosmos/evidence/v1beta1/tx.d.ts(2,8): error TS1192: Module '"/Users/troykessler/Desktop/skip-test/node_modules/@injectivelabs/core-proto-ts/node_modules/protobufjs/minimal"' has no default export.
node_modules/@injectivelabs/core-proto-ts/cjs/cosmos/feegrant/v1beta1/feegrant.d.ts(1,8): error TS1192: Module '"/Users/troykessler/Desktop/skip-test/node_modules/@injectivelabs/core-proto-ts/node_modules/protobufjs/minimal"' has no default export.
node_modules/@injectivelabs/core-proto-ts/cjs/cosmos/feegrant/v1beta1/genesis.d.ts(1,8): error TS1192: Module '"/Users/troykessler/Desktop/skip-test/node_modules/@injectivelabs/core-proto-ts/node_modules/protobufjs/minimal"' has no default export.
node_modules/@injectivelabs/core-proto-ts/cjs/cosmos/feegrant/v1beta1/query.d.ts(2,8): error TS1192: Module '"/Users/troykessler/Desktop/skip-test/node_modules/@injectivelabs/core-proto-ts/node_modules/protobufjs/minimal"' has no default export.
node_modules/@injectivelabs/core-proto-ts/cjs/cosmos/feegrant/v1beta1/tx.d.ts(2,8): error TS1192: Module '"/Users/troykessler/Desktop/skip-test/node_modules/@injectivelabs/core-proto-ts/node_modules/protobufjs/minimal"' has no default export.
node_modules/@injectivelabs/core-proto-ts/cjs/cosmos/genutil/v1beta1/genesis.d.ts(1,8): error TS1192: Module '"/Users/troykessler/Desktop/skip-test/node_modules/@injectivelabs/core-proto-ts/node_modules/protobufjs/minimal"' has no default export.
node_modules/@injectivelabs/core-proto-ts/cjs/cosmos/gov/v1/genesis.d.ts(1,8): error TS1192: Module '"/Users/troykessler/Desktop/skip-test/node_modules/@injectivelabs/core-proto-ts/node_modules/protobufjs/minimal"' has no default export.
node_modules/@injectivelabs/core-proto-ts/cjs/cosmos/gov/v1/gov.d.ts(1,8): error TS1192: Module '"/Users/troykessler/Desktop/skip-test/node_modules/@injectivelabs/core-proto-ts/node_modules/protobufjs/minimal"' has no default export.
node_modules/@injectivelabs/core-proto-ts/cjs/cosmos/gov/v1/query.d.ts(2,8): error TS1192: Module '"/Users/troykessler/Desktop/skip-test/node_modules/@injectivelabs/core-proto-ts/node_modules/protobufjs/minimal"' has no default export.
node_modules/@injectivelabs/core-proto-ts/cjs/cosmos/gov/v1/tx.d.ts(2,8): error TS1192: Module '"/Users/troykessler/Desktop/skip-test/node_modules/@injectivelabs/core-proto-ts/node_modules/protobufjs/minimal"' has no default export.
node_modules/@injectivelabs/core-proto-ts/cjs/cosmos/gov/v1beta1/genesis.d.ts(1,8): error TS1192: Module '"/Users/troykessler/Desktop/skip-test/node_modules/@injectivelabs/core-proto-ts/node_modules/protobufjs/minimal"' has no default export.
node_modules/@injectivelabs/core-proto-ts/cjs/cosmos/gov/v1beta1/gov.d.ts(1,8): error TS1192: Module '"/Users/troykessler/Desktop/skip-test/node_modules/@injectivelabs/core-proto-ts/node_modules/protobufjs/minimal"' has no default export.
node_modules/@injectivelabs/core-proto-ts/cjs/cosmos/gov/v1beta1/query.d.ts(2,8): error TS1192: Module '"/Users/troykessler/Desktop/skip-test/node_modules/@injectivelabs/core-proto-ts/node_modules/protobufjs/minimal"' has no default export.
node_modules/@injectivelabs/core-proto-ts/cjs/cosmos/gov/v1beta1/tx.d.ts(2,8): error TS1192: Module '"/Users/troykessler/Desktop/skip-test/node_modules/@injectivelabs/core-proto-ts/node_modules/protobufjs/minimal"' has no default export.
node_modules/@injectivelabs/core-proto-ts/cjs/cosmos/ics23/v1/proofs.d.ts(1,8): error TS1192: Module '"/Users/troykessler/Desktop/skip-test/node_modules/@injectivelabs/core-proto-ts/node_modules/protobufjs/minimal"' has no default export.
node_modules/@injectivelabs/core-proto-ts/cjs/cosmos/mint/v1beta1/genesis.d.ts(1,8): error TS1192: Module '"/Users/troykessler/Desktop/skip-test/node_modules/@injectivelabs/core-proto-ts/node_modules/protobufjs/minimal"' has no default export.
node_modules/@injectivelabs/core-proto-ts/cjs/cosmos/mint/v1beta1/mint.d.ts(1,8): error TS1192: Module '"/Users/troykessler/Desktop/skip-test/node_modules/@injectivelabs/core-proto-ts/node_modules/protobufjs/minimal"' has no default export.
node_modules/@injectivelabs/core-proto-ts/cjs/cosmos/mint/v1beta1/query.d.ts(2,8): error TS1192: Module '"/Users/troykessler/Desktop/skip-test/node_modules/@injectivelabs/core-proto-ts/node_modules/protobufjs/minimal"' has no default export.
node_modules/@injectivelabs/core-proto-ts/cjs/cosmos/params/v1beta1/params.d.ts(1,8): error TS1192: Module '"/Users/troykessler/Desktop/skip-test/node_modules/@injectivelabs/core-proto-ts/node_modules/protobufjs/minimal"' has no default export.
node_modules/@injectivelabs/core-proto-ts/cjs/cosmos/params/v1beta1/query.d.ts(2,8): error TS1192: Module '"/Users/troykessler/Desktop/skip-test/node_modules/@injectivelabs/core-proto-ts/node_modules/protobufjs/minimal"' has no default export.
node_modules/@injectivelabs/core-proto-ts/cjs/cosmos/slashing/v1beta1/genesis.d.ts(1,8): error TS1192: Module '"/Users/troykessler/Desktop/skip-test/node_modules/@injectivelabs/core-proto-ts/node_modules/protobufjs/minimal"' has no default export.
node_modules/@injectivelabs/core-proto-ts/cjs/cosmos/slashing/v1beta1/query.d.ts(2,8): error TS1192: Module '"/Users/troykessler/Desktop/skip-test/node_modules/@injectivelabs/core-proto-ts/node_modules/protobufjs/minimal"' has no default export.
node_modules/@injectivelabs/core-proto-ts/cjs/cosmos/slashing/v1beta1/slashing.d.ts(1,8): error TS1192: Module '"/Users/troykessler/Desktop/skip-test/node_modules/@injectivelabs/core-proto-ts/node_modules/protobufjs/minimal"' has no default export.
node_modules/@injectivelabs/core-proto-ts/cjs/cosmos/slashing/v1beta1/tx.d.ts(2,8): error TS1192: Module '"/Users/troykessler/Desktop/skip-test/node_modules/@injectivelabs/core-proto-ts/node_modules/protobufjs/minimal"' has no default export.
node_modules/@injectivelabs/core-proto-ts/cjs/cosmos/staking/v1beta1/authz.d.ts(1,8): error TS1192: Module '"/Users/troykessler/Desktop/skip-test/node_modules/@injectivelabs/core-proto-ts/node_modules/protobufjs/minimal"' has no default export.
node_modules/@injectivelabs/core-proto-ts/cjs/cosmos/staking/v1beta1/genesis.d.ts(1,8): error TS1192: Module '"/Users/troykessler/Desktop/skip-test/node_modules/@injectivelabs/core-proto-ts/node_modules/protobufjs/minimal"' has no default export.
node_modules/@injectivelabs/core-proto-ts/cjs/cosmos/staking/v1beta1/query.d.ts(2,8): error TS1192: Module '"/Users/troykessler/Desktop/skip-test/node_modules/@injectivelabs/core-proto-ts/node_modules/protobufjs/minimal"' has no default export.
node_modules/@injectivelabs/core-proto-ts/cjs/cosmos/staking/v1beta1/staking.d.ts(1,8): error TS1192: Module '"/Users/troykessler/Desktop/skip-test/node_modules/@injectivelabs/core-proto-ts/node_modules/protobufjs/minimal"' has no default export.
node_modules/@injectivelabs/core-proto-ts/cjs/cosmos/staking/v1beta1/tx.d.ts(2,8): error TS1192: Module '"/Users/troykessler/Desktop/skip-test/node_modules/@injectivelabs/core-proto-ts/node_modules/protobufjs/minimal"' has no default export.
node_modules/@injectivelabs/core-proto-ts/cjs/cosmos/tx/signing/v1beta1/signing.d.ts(1,8): error TS1192: Module '"/Users/troykessler/Desktop/skip-test/node_modules/@injectivelabs/core-proto-ts/node_modules/protobufjs/minimal"' has no default export.
node_modules/@injectivelabs/core-proto-ts/cjs/cosmos/tx/v1beta1/service.d.ts(2,8): error TS1192: Module '"/Users/troykessler/Desktop/skip-test/node_modules/@injectivelabs/core-proto-ts/node_modules/protobufjs/minimal"' has no default export.
node_modules/@injectivelabs/core-proto-ts/cjs/cosmos/tx/v1beta1/tx.d.ts(1,8): error TS1192: Module '"/Users/troykessler/Desktop/skip-test/node_modules/@injectivelabs/core-proto-ts/node_modules/protobufjs/minimal"' has no default export.
node_modules/@injectivelabs/core-proto-ts/cjs/cosmos/upgrade/v1beta1/query.d.ts(2,8): error TS1192: Module '"/Users/troykessler/Desktop/skip-test/node_modules/@injectivelabs/core-proto-ts/node_modules/protobufjs/minimal"' has no default export.
node_modules/@injectivelabs/core-proto-ts/cjs/cosmos/upgrade/v1beta1/upgrade.d.ts(1,8): error TS1192: Module '"/Users/troykessler/Desktop/skip-test/node_modules/@injectivelabs/core-proto-ts/node_modules/protobufjs/minimal"' has no default export.
node_modules/@injectivelabs/core-proto-ts/cjs/cosmos/vesting/v1beta1/tx.d.ts(2,8): error TS1192: Module '"/Users/troykessler/Desktop/skip-test/node_modules/@injectivelabs/core-proto-ts/node_modules/protobufjs/minimal"' has no default export.
node_modules/@injectivelabs/core-proto-ts/cjs/cosmos/vesting/v1beta1/vesting.d.ts(1,8): error TS1192: Module '"/Users/troykessler/Desktop/skip-test/node_modules/@injectivelabs/core-proto-ts/node_modules/protobufjs/minimal"' has no default export.
node_modules/@injectivelabs/core-proto-ts/cjs/cosmwasm/wasm/v1/genesis.d.ts(1,8): error TS1192: Module '"/Users/troykessler/Desktop/skip-test/node_modules/@injectivelabs/core-proto-ts/node_modules/protobufjs/minimal"' has no default export.
node_modules/@injectivelabs/core-proto-ts/cjs/cosmwasm/wasm/v1/ibc.d.ts(1,8): error TS1192: Module '"/Users/troykessler/Desktop/skip-test/node_modules/@injectivelabs/core-proto-ts/node_modules/protobufjs/minimal"' has no default export.
node_modules/@injectivelabs/core-proto-ts/cjs/cosmwasm/wasm/v1/proposal_legacy.d.ts(1,8): error TS1192: Module '"/Users/troykessler/Desktop/skip-test/node_modules/@injectivelabs/core-proto-ts/node_modules/protobufjs/minimal"' has no default export.
node_modules/@injectivelabs/core-proto-ts/cjs/cosmwasm/wasm/v1/query.d.ts(2,8): error TS1192: Module '"/Users/troykessler/Desktop/skip-test/node_modules/@injectivelabs/core-proto-ts/node_modules/protobufjs/minimal"' has no default export.
node_modules/@injectivelabs/core-proto-ts/cjs/cosmwasm/wasm/v1/tx.d.ts(2,8): error TS1192: Module '"/Users/troykessler/Desktop/skip-test/node_modules/@injectivelabs/core-proto-ts/node_modules/protobufjs/minimal"' has no default export.
node_modules/@injectivelabs/core-proto-ts/cjs/cosmwasm/wasm/v1/types.d.ts(1,8): error TS1192: Module '"/Users/troykessler/Desktop/skip-test/node_modules/@injectivelabs/core-proto-ts/node_modules/protobufjs/minimal"' has no default export.
node_modules/@injectivelabs/core-proto-ts/cjs/google/api/http.d.ts(1,8): error TS1192: Module '"/Users/troykessler/Desktop/skip-test/node_modules/@injectivelabs/core-proto-ts/node_modules/protobufjs/minimal"' has no default export.
node_modules/@injectivelabs/core-proto-ts/cjs/google/protobuf/any.d.ts(1,8): error TS1192: Module '"/Users/troykessler/Desktop/skip-test/node_modules/@injectivelabs/core-proto-ts/node_modules/protobufjs/minimal"' has no default export.
node_modules/@injectivelabs/core-proto-ts/cjs/google/protobuf/descriptor.d.ts(1,8): error TS1192: Module '"/Users/troykessler/Desktop/skip-test/node_modules/@injectivelabs/core-proto-ts/node_modules/protobufjs/minimal"' has no default export.
node_modules/@injectivelabs/core-proto-ts/cjs/google/protobuf/duration.d.ts(1,8): error TS1192: Module '"/Users/troykessler/Desktop/skip-test/node_modules/@injectivelabs/core-proto-ts/node_modules/protobufjs/minimal"' has no default export.
node_modules/@injectivelabs/core-proto-ts/cjs/google/protobuf/timestamp.d.ts(1,8): error TS1192: Module '"/Users/troykessler/Desktop/skip-test/node_modules/@injectivelabs/core-proto-ts/node_modules/protobufjs/minimal"' has no default export.
node_modules/@injectivelabs/core-proto-ts/cjs/ibc/applications/transfer/v1/genesis.d.ts(1,8): error TS1192: Module '"/Users/troykessler/Desktop/skip-test/node_modules/@injectivelabs/core-proto-ts/node_modules/protobufjs/minimal"' has no default export.
node_modules/@injectivelabs/core-proto-ts/cjs/ibc/applications/transfer/v1/query.d.ts(2,8): error TS1192: Module '"/Users/troykessler/Desktop/skip-test/node_modules/@injectivelabs/core-proto-ts/node_modules/protobufjs/minimal"' has no default export.
node_modules/@injectivelabs/core-proto-ts/cjs/ibc/applications/transfer/v1/transfer.d.ts(1,8): error TS1192: Module '"/Users/troykessler/Desktop/skip-test/node_modules/@injectivelabs/core-proto-ts/node_modules/protobufjs/minimal"' has no default export.
node_modules/@injectivelabs/core-proto-ts/cjs/ibc/applications/transfer/v1/tx.d.ts(2,8): error TS1192: Module '"/Users/troykessler/Desktop/skip-test/node_modules/@injectivelabs/core-proto-ts/node_modules/protobufjs/minimal"' has no default export.
node_modules/@injectivelabs/core-proto-ts/cjs/ibc/applications/transfer/v2/packet.d.ts(1,8): error TS1192: Module '"/Users/troykessler/Desktop/skip-test/node_modules/@injectivelabs/core-proto-ts/node_modules/protobufjs/minimal"' has no default export.
node_modules/@injectivelabs/core-proto-ts/cjs/ibc/core/channel/v1/channel.d.ts(1,8): error TS1192: Module '"/Users/troykessler/Desktop/skip-test/node_modules/@injectivelabs/core-proto-ts/node_modules/protobufjs/minimal"' has no default export.
node_modules/@injectivelabs/core-proto-ts/cjs/ibc/core/channel/v1/genesis.d.ts(1,8): error TS1192: Module '"/Users/troykessler/Desktop/skip-test/node_modules/@injectivelabs/core-proto-ts/node_modules/protobufjs/minimal"' has no default export.
node_modules/@injectivelabs/core-proto-ts/cjs/ibc/core/channel/v1/query.d.ts(2,8): error TS1192: Module '"/Users/troykessler/Desktop/skip-test/node_modules/@injectivelabs/core-proto-ts/node_modules/protobufjs/minimal"' has no default export.
node_modules/@injectivelabs/core-proto-ts/cjs/ibc/core/channel/v1/tx.d.ts(2,8): error TS1192: Module '"/Users/troykessler/Desktop/skip-test/node_modules/@injectivelabs/core-proto-ts/node_modules/protobufjs/minimal"' has no default export.
node_modules/@injectivelabs/core-proto-ts/cjs/ibc/core/channel/v1/upgrade.d.ts(1,8): error TS1192: Module '"/Users/troykessler/Desktop/skip-test/node_modules/@injectivelabs/core-proto-ts/node_modules/protobufjs/minimal"' has no default export.
node_modules/@injectivelabs/core-proto-ts/cjs/ibc/core/client/v1/client.d.ts(1,8): error TS1192: Module '"/Users/troykessler/Desktop/skip-test/node_modules/@injectivelabs/core-proto-ts/node_modules/protobufjs/minimal"' has no default export.
node_modules/@injectivelabs/core-proto-ts/cjs/ibc/core/client/v1/genesis.d.ts(1,8): error TS1192: Module '"/Users/troykessler/Desktop/skip-test/node_modules/@injectivelabs/core-proto-ts/node_modules/protobufjs/minimal"' has no default export.
node_modules/@injectivelabs/core-proto-ts/cjs/ibc/core/client/v1/query.d.ts(2,8): error TS1192: Module '"/Users/troykessler/Desktop/skip-test/node_modules/@injectivelabs/core-proto-ts/node_modules/protobufjs/minimal"' has no default export.
node_modules/@injectivelabs/core-proto-ts/cjs/ibc/core/client/v1/tx.d.ts(2,8): error TS1192: Module '"/Users/troykessler/Desktop/skip-test/node_modules/@injectivelabs/core-proto-ts/node_modules/protobufjs/minimal"' has no default export.
node_modules/@injectivelabs/core-proto-ts/cjs/ibc/core/commitment/v1/commitment.d.ts(1,8): error TS1192: Module '"/Users/troykessler/Desktop/skip-test/node_modules/@injectivelabs/core-proto-ts/node_modules/protobufjs/minimal"' has no default export.
node_modules/@injectivelabs/core-proto-ts/cjs/ibc/core/connection/v1/connection.d.ts(1,8): error TS1192: Module '"/Users/troykessler/Desktop/skip-test/node_modules/@injectivelabs/core-proto-ts/node_modules/protobufjs/minimal"' has no default export.
node_modules/@injectivelabs/core-proto-ts/cjs/ibc/core/connection/v1/genesis.d.ts(1,8): error TS1192: Module '"/Users/troykessler/Desktop/skip-test/node_modules/@injectivelabs/core-proto-ts/node_modules/protobufjs/minimal"' has no default export.
node_modules/@injectivelabs/core-proto-ts/cjs/ibc/core/connection/v1/query.d.ts(2,8): error TS1192: Module '"/Users/troykessler/Desktop/skip-test/node_modules/@injectivelabs/core-proto-ts/node_modules/protobufjs/minimal"' has no default export.
node_modules/@injectivelabs/core-proto-ts/cjs/ibc/core/connection/v1/tx.d.ts(2,8): error TS1192: Module '"/Users/troykessler/Desktop/skip-test/node_modules/@injectivelabs/core-proto-ts/node_modules/protobufjs/minimal"' has no default export.
node_modules/@injectivelabs/core-proto-ts/cjs/ibc/core/types/v1/genesis.d.ts(1,8): error TS1192: Module '"/Users/troykessler/Desktop/skip-test/node_modules/@injectivelabs/core-proto-ts/node_modules/protobufjs/minimal"' has no default export.
node_modules/@injectivelabs/core-proto-ts/cjs/ibc/lightclients/solomachine/v2/solomachine.d.ts(1,8): error TS1192: Module '"/Users/troykessler/Desktop/skip-test/node_modules/@injectivelabs/core-proto-ts/node_modules/protobufjs/minimal"' has no default export.
node_modules/@injectivelabs/core-proto-ts/cjs/ibc/lightclients/tendermint/v1/tendermint.d.ts(1,8): error TS1192: Module '"/Users/troykessler/Desktop/skip-test/node_modules/@injectivelabs/core-proto-ts/node_modules/protobufjs/minimal"' has no default export.
node_modules/@injectivelabs/core-proto-ts/cjs/injective/auction/v1beta1/auction.d.ts(1,8): error TS1192: Module '"/Users/troykessler/Desktop/skip-test/node_modules/@injectivelabs/core-proto-ts/node_modules/protobufjs/minimal"' has no default export.
node_modules/@injectivelabs/core-proto-ts/cjs/injective/auction/v1beta1/genesis.d.ts(1,8): error TS1192: Module '"/Users/troykessler/Desktop/skip-test/node_modules/@injectivelabs/core-proto-ts/node_modules/protobufjs/minimal"' has no default export.
node_modules/@injectivelabs/core-proto-ts/cjs/injective/auction/v1beta1/query.d.ts(2,8): error TS1192: Module '"/Users/troykessler/Desktop/skip-test/node_modules/@injectivelabs/core-proto-ts/node_modules/protobufjs/minimal"' has no default export.
node_modules/@injectivelabs/core-proto-ts/cjs/injective/auction/v1beta1/tx.d.ts(2,8): error TS1192: Module '"/Users/troykessler/Desktop/skip-test/node_modules/@injectivelabs/core-proto-ts/node_modules/protobufjs/minimal"' has no default export.
node_modules/@injectivelabs/core-proto-ts/cjs/injective/crypto/v1beta1/ethsecp256k1/keys.d.ts(1,8): error TS1192: Module '"/Users/troykessler/Desktop/skip-test/node_modules/@injectivelabs/core-proto-ts/node_modules/protobufjs/minimal"' has no default export.
node_modules/@injectivelabs/core-proto-ts/cjs/injective/exchange/v1beta1/authz.d.ts(1,8): error TS1192: Module '"/Users/troykessler/Desktop/skip-test/node_modules/@injectivelabs/core-proto-ts/node_modules/protobufjs/minimal"' has no default export.
node_modules/@injectivelabs/core-proto-ts/cjs/injective/exchange/v1beta1/events.d.ts(1,8): error TS1192: Module '"/Users/troykessler/Desktop/skip-test/node_modules/@injectivelabs/core-proto-ts/node_modules/protobufjs/minimal"' has no default export.
node_modules/@injectivelabs/core-proto-ts/cjs/injective/exchange/v1beta1/exchange.d.ts(1,8): error TS1192: Module '"/Users/troykessler/Desktop/skip-test/node_modules/@injectivelabs/core-proto-ts/node_modules/protobufjs/minimal"' has no default export.
node_modules/@injectivelabs/core-proto-ts/cjs/injective/exchange/v1beta1/genesis.d.ts(1,8): error TS1192: Module '"/Users/troykessler/Desktop/skip-test/node_modules/@injectivelabs/core-proto-ts/node_modules/protobufjs/minimal"' has no default export.
node_modules/@injectivelabs/core-proto-ts/cjs/injective/exchange/v1beta1/proposal.d.ts(1,8): error TS1192: Module '"/Users/troykessler/Desktop/skip-test/node_modules/@injectivelabs/core-proto-ts/node_modules/protobufjs/minimal"' has no default export.
node_modules/@injectivelabs/core-proto-ts/cjs/injective/exchange/v1beta1/query.d.ts(2,8): error TS1192: Module '"/Users/troykessler/Desktop/skip-test/node_modules/@injectivelabs/core-proto-ts/node_modules/protobufjs/minimal"' has no default export.
node_modules/@injectivelabs/core-proto-ts/cjs/injective/exchange/v1beta1/tx.d.ts(2,8): error TS1192: Module '"/Users/troykessler/Desktop/skip-test/node_modules/@injectivelabs/core-proto-ts/node_modules/protobufjs/minimal"' has no default export.
node_modules/@injectivelabs/core-proto-ts/cjs/injective/insurance/v1beta1/genesis.d.ts(1,8): error TS1192: Module '"/Users/troykessler/Desktop/skip-test/node_modules/@injectivelabs/core-proto-ts/node_modules/protobufjs/minimal"' has no default export.
node_modules/@injectivelabs/core-proto-ts/cjs/injective/insurance/v1beta1/insurance.d.ts(1,8): error TS1192: Module '"/Users/troykessler/Desktop/skip-test/node_modules/@injectivelabs/core-proto-ts/node_modules/protobufjs/minimal"' has no default export.
node_modules/@injectivelabs/core-proto-ts/cjs/injective/insurance/v1beta1/query.d.ts(2,8): error TS1192: Module '"/Users/troykessler/Desktop/skip-test/node_modules/@injectivelabs/core-proto-ts/node_modules/protobufjs/minimal"' has no default export.
node_modules/@injectivelabs/core-proto-ts/cjs/injective/insurance/v1beta1/tx.d.ts(2,8): error TS1192: Module '"/Users/troykessler/Desktop/skip-test/node_modules/@injectivelabs/core-proto-ts/node_modules/protobufjs/minimal"' has no default export.
node_modules/@injectivelabs/core-proto-ts/cjs/injective/ocr/v1beta1/genesis.d.ts(1,8): error TS1192: Module '"/Users/troykessler/Desktop/skip-test/node_modules/@injectivelabs/core-proto-ts/node_modules/protobufjs/minimal"' has no default export.
node_modules/@injectivelabs/core-proto-ts/cjs/injective/ocr/v1beta1/ocr.d.ts(1,8): error TS1192: Module '"/Users/troykessler/Desktop/skip-test/node_modules/@injectivelabs/core-proto-ts/node_modules/protobufjs/minimal"' has no default export.
node_modules/@injectivelabs/core-proto-ts/cjs/injective/ocr/v1beta1/query.d.ts(2,8): error TS1192: Module '"/Users/troykessler/Desktop/skip-test/node_modules/@injectivelabs/core-proto-ts/node_modules/protobufjs/minimal"' has no default export.
node_modules/@injectivelabs/core-proto-ts/cjs/injective/ocr/v1beta1/tx.d.ts(2,8): error TS1192: Module '"/Users/troykessler/Desktop/skip-test/node_modules/@injectivelabs/core-proto-ts/node_modules/protobufjs/minimal"' has no default export.
node_modules/@injectivelabs/core-proto-ts/cjs/injective/oracle/v1beta1/events.d.ts(1,8): error TS1192: Module '"/Users/troykessler/Desktop/skip-test/node_modules/@injectivelabs/core-proto-ts/node_modules/protobufjs/minimal"' has no default export.
node_modules/@injectivelabs/core-proto-ts/cjs/injective/oracle/v1beta1/genesis.d.ts(1,8): error TS1192: Module '"/Users/troykessler/Desktop/skip-test/node_modules/@injectivelabs/core-proto-ts/node_modules/protobufjs/minimal"' has no default export.
node_modules/@injectivelabs/core-proto-ts/cjs/injective/oracle/v1beta1/oracle.d.ts(1,8): error TS1192: Module '"/Users/troykessler/Desktop/skip-test/node_modules/@injectivelabs/core-proto-ts/node_modules/protobufjs/minimal"' has no default export.
node_modules/@injectivelabs/core-proto-ts/cjs/injective/oracle/v1beta1/proposal.d.ts(1,8): error TS1192: Module '"/Users/troykessler/Desktop/skip-test/node_modules/@injectivelabs/core-proto-ts/node_modules/protobufjs/minimal"' has no default export.
node_modules/@injectivelabs/core-proto-ts/cjs/injective/oracle/v1beta1/query.d.ts(2,8): error TS1192: Module '"/Users/troykessler/Desktop/skip-test/node_modules/@injectivelabs/core-proto-ts/node_modules/protobufjs/minimal"' has no default export.
node_modules/@injectivelabs/core-proto-ts/cjs/injective/oracle/v1beta1/tx.d.ts(2,8): error TS1192: Module '"/Users/troykessler/Desktop/skip-test/node_modules/@injectivelabs/core-proto-ts/node_modules/protobufjs/minimal"' has no default export.
node_modules/@injectivelabs/core-proto-ts/cjs/injective/peggy/v1/attestation.d.ts(1,8): error TS1192: Module '"/Users/troykessler/Desktop/skip-test/node_modules/@injectivelabs/core-proto-ts/node_modules/protobufjs/minimal"' has no default export.
node_modules/@injectivelabs/core-proto-ts/cjs/injective/peggy/v1/batch.d.ts(1,8): error TS1192: Module '"/Users/troykessler/Desktop/skip-test/node_modules/@injectivelabs/core-proto-ts/node_modules/protobufjs/minimal"' has no default export.
node_modules/@injectivelabs/core-proto-ts/cjs/injective/peggy/v1/events.d.ts(1,8): error TS1192: Module '"/Users/troykessler/Desktop/skip-test/node_modules/@injectivelabs/core-proto-ts/node_modules/protobufjs/minimal"' has no default export.
node_modules/@injectivelabs/core-proto-ts/cjs/injective/peggy/v1/genesis.d.ts(1,8): error TS1192: Module '"/Users/troykessler/Desktop/skip-test/node_modules/@injectivelabs/core-proto-ts/node_modules/protobufjs/minimal"' has no default export.
node_modules/@injectivelabs/core-proto-ts/cjs/injective/peggy/v1/msgs.d.ts(2,8): error TS1192: Module '"/Users/troykessler/Desktop/skip-test/node_modules/@injectivelabs/core-proto-ts/node_modules/protobufjs/minimal"' has no default export.
node_modules/@injectivelabs/core-proto-ts/cjs/injective/peggy/v1/params.d.ts(1,8): error TS1192: Module '"/Users/troykessler/Desktop/skip-test/node_modules/@injectivelabs/core-proto-ts/node_modules/protobufjs/minimal"' has no default export.
node_modules/@injectivelabs/core-proto-ts/cjs/injective/peggy/v1/pool.d.ts(1,8): error TS1192: Module '"/Users/troykessler/Desktop/skip-test/node_modules/@injectivelabs/core-proto-ts/node_modules/protobufjs/minimal"' has no default export.
node_modules/@injectivelabs/core-proto-ts/cjs/injective/peggy/v1/proposal.d.ts(1,8): error TS1192: Module '"/Users/troykessler/Desktop/skip-test/node_modules/@injectivelabs/core-proto-ts/node_modules/protobufjs/minimal"' has no default export.
node_modules/@injectivelabs/core-proto-ts/cjs/injective/peggy/v1/query.d.ts(2,8): error TS1192: Module '"/Users/troykessler/Desktop/skip-test/node_modules/@injectivelabs/core-proto-ts/node_modules/protobufjs/minimal"' has no default export.
node_modules/@injectivelabs/core-proto-ts/cjs/injective/peggy/v1/types.d.ts(1,8): error TS1192: Module '"/Users/troykessler/Desktop/skip-test/node_modules/@injectivelabs/core-proto-ts/node_modules/protobufjs/minimal"' has no default export.
node_modules/@injectivelabs/core-proto-ts/cjs/injective/tokenfactory/v1beta1/authorityMetadata.d.ts(1,8): error TS1192: Module '"/Users/troykessler/Desktop/skip-test/node_modules/@injectivelabs/core-proto-ts/node_modules/protobufjs/minimal"' has no default export.
node_modules/@injectivelabs/core-proto-ts/cjs/injective/tokenfactory/v1beta1/events.d.ts(1,8): error TS1192: Module '"/Users/troykessler/Desktop/skip-test/node_modules/@injectivelabs/core-proto-ts/node_modules/protobufjs/minimal"' has no default export.
node_modules/@injectivelabs/core-proto-ts/cjs/injective/tokenfactory/v1beta1/genesis.d.ts(1,8): error TS1192: Module '"/Users/troykessler/Desktop/skip-test/node_modules/@injectivelabs/core-proto-ts/node_modules/protobufjs/minimal"' has no default export.
node_modules/@injectivelabs/core-proto-ts/cjs/injective/tokenfactory/v1beta1/params.d.ts(1,8): error TS1192: Module '"/Users/troykessler/Desktop/skip-test/node_modules/@injectivelabs/core-proto-ts/node_modules/protobufjs/minimal"' has no default export.
node_modules/@injectivelabs/core-proto-ts/cjs/injective/tokenfactory/v1beta1/query.d.ts(2,8): error TS1192: Module '"/Users/troykessler/Desktop/skip-test/node_modules/@injectivelabs/core-proto-ts/node_modules/protobufjs/minimal"' has no default export.
node_modules/@injectivelabs/core-proto-ts/cjs/injective/tokenfactory/v1beta1/tx.d.ts(2,8): error TS1192: Module '"/Users/troykessler/Desktop/skip-test/node_modules/@injectivelabs/core-proto-ts/node_modules/protobufjs/minimal"' has no default export.
node_modules/@injectivelabs/core-proto-ts/cjs/injective/types/v1beta1/account.d.ts(1,8): error TS1192: Module '"/Users/troykessler/Desktop/skip-test/node_modules/@injectivelabs/core-proto-ts/node_modules/protobufjs/minimal"' has no default export.
node_modules/@injectivelabs/core-proto-ts/cjs/injective/types/v1beta1/tx_ext.d.ts(1,8): error TS1192: Module '"/Users/troykessler/Desktop/skip-test/node_modules/@injectivelabs/core-proto-ts/node_modules/protobufjs/minimal"' has no default export.
node_modules/@injectivelabs/core-proto-ts/cjs/injective/types/v1beta1/tx_response.d.ts(1,8): error TS1192: Module '"/Users/troykessler/Desktop/skip-test/node_modules/@injectivelabs/core-proto-ts/node_modules/protobufjs/minimal"' has no default export.
node_modules/@injectivelabs/core-proto-ts/cjs/injective/wasmx/v1/genesis.d.ts(1,8): error TS1192: Module '"/Users/troykessler/Desktop/skip-test/node_modules/@injectivelabs/core-proto-ts/node_modules/protobufjs/minimal"' has no default export.
node_modules/@injectivelabs/core-proto-ts/cjs/injective/wasmx/v1/proposal.d.ts(1,8): error TS1192: Module '"/Users/troykessler/Desktop/skip-test/node_modules/@injectivelabs/core-proto-ts/node_modules/protobufjs/minimal"' has no default export.
node_modules/@injectivelabs/core-proto-ts/cjs/injective/wasmx/v1/query.d.ts(2,8): error TS1192: Module '"/Users/troykessler/Desktop/skip-test/node_modules/@injectivelabs/core-proto-ts/node_modules/protobufjs/minimal"' has no default export.
node_modules/@injectivelabs/core-proto-ts/cjs/injective/wasmx/v1/tx.d.ts(2,8): error TS1192: Module '"/Users/troykessler/Desktop/skip-test/node_modules/@injectivelabs/core-proto-ts/node_modules/protobufjs/minimal"' has no default export.
node_modules/@injectivelabs/core-proto-ts/cjs/injective/wasmx/v1/wasmx.d.ts(1,8): error TS1192: Module '"/Users/troykessler/Desktop/skip-test/node_modules/@injectivelabs/core-proto-ts/node_modules/protobufjs/minimal"' has no default export.
node_modules/@injectivelabs/core-proto-ts/cjs/tendermint/abci/types.d.ts(2,8): error TS1192: Module '"/Users/troykessler/Desktop/skip-test/node_modules/@injectivelabs/core-proto-ts/node_modules/protobufjs/minimal"' has no default export.
node_modules/@injectivelabs/core-proto-ts/cjs/tendermint/blockchain/types.d.ts(1,8): error TS1192: Module '"/Users/troykessler/Desktop/skip-test/node_modules/@injectivelabs/core-proto-ts/node_modules/protobufjs/minimal"' has no default export.
node_modules/@injectivelabs/core-proto-ts/cjs/tendermint/crypto/keys.d.ts(1,8): error TS1192: Module '"/Users/troykessler/Desktop/skip-test/node_modules/@injectivelabs/core-proto-ts/node_modules/protobufjs/minimal"' has no default export.
node_modules/@injectivelabs/core-proto-ts/cjs/tendermint/crypto/proof.d.ts(1,8): error TS1192: Module '"/Users/troykessler/Desktop/skip-test/node_modules/@injectivelabs/core-proto-ts/node_modules/protobufjs/minimal"' has no default export.
node_modules/@injectivelabs/core-proto-ts/cjs/tendermint/libs/bits/types.d.ts(1,8): error TS1192: Module '"/Users/troykessler/Desktop/skip-test/node_modules/@injectivelabs/core-proto-ts/node_modules/protobufjs/minimal"' has no default export.
node_modules/@injectivelabs/core-proto-ts/cjs/tendermint/mempool/types.d.ts(1,8): error TS1192: Module '"/Users/troykessler/Desktop/skip-test/node_modules/@injectivelabs/core-proto-ts/node_modules/protobufjs/minimal"' has no default export.
node_modules/@injectivelabs/core-proto-ts/cjs/tendermint/p2p/conn.d.ts(1,8): error TS1192: Module '"/Users/troykessler/Desktop/skip-test/node_modules/@injectivelabs/core-proto-ts/node_modules/protobufjs/minimal"' has no default export.
node_modules/@injectivelabs/core-proto-ts/cjs/tendermint/p2p/pex.d.ts(1,8): error TS1192: Module '"/Users/troykessler/Desktop/skip-test/node_modules/@injectivelabs/core-proto-ts/node_modules/protobufjs/minimal"' has no default export.
node_modules/@injectivelabs/core-proto-ts/cjs/tendermint/p2p/types.d.ts(1,8): error TS1192: Module '"/Users/troykessler/Desktop/skip-test/node_modules/@injectivelabs/core-proto-ts/node_modules/protobufjs/minimal"' has no default export.
node_modules/@injectivelabs/core-proto-ts/cjs/tendermint/rpc/grpc/types.d.ts(2,8): error TS1192: Module '"/Users/troykessler/Desktop/skip-test/node_modules/@injectivelabs/core-proto-ts/node_modules/protobufjs/minimal"' has no default export.
node_modules/@injectivelabs/core-proto-ts/cjs/tendermint/state/types.d.ts(1,8): error TS1192: Module '"/Users/troykessler/Desktop/skip-test/node_modules/@injectivelabs/core-proto-ts/node_modules/protobufjs/minimal"' has no default export.
node_modules/@injectivelabs/core-proto-ts/cjs/tendermint/store/types.d.ts(1,8): error TS1192: Module '"/Users/troykessler/Desktop/skip-test/node_modules/@injectivelabs/core-proto-ts/node_modules/protobufjs/minimal"' has no default export.
node_modules/@injectivelabs/core-proto-ts/cjs/tendermint/types/block.d.ts(1,8): error TS1192: Module '"/Users/troykessler/Desktop/skip-test/node_modules/@injectivelabs/core-proto-ts/node_modules/protobufjs/minimal"' has no default export.
node_modules/@injectivelabs/core-proto-ts/cjs/tendermint/types/canonical.d.ts(1,8): error TS1192: Module '"/Users/troykessler/Desktop/skip-test/node_modules/@injectivelabs/core-proto-ts/node_modules/protobufjs/minimal"' has no default export.
node_modules/@injectivelabs/core-proto-ts/cjs/tendermint/types/events.d.ts(1,8): error TS1192: Module '"/Users/troykessler/Desktop/skip-test/node_modules/@injectivelabs/core-proto-ts/node_modules/protobufjs/minimal"' has no default export.
node_modules/@injectivelabs/core-proto-ts/cjs/tendermint/types/evidence.d.ts(1,8): error TS1192: Module '"/Users/troykessler/Desktop/skip-test/node_modules/@injectivelabs/core-proto-ts/node_modules/protobufjs/minimal"' has no default export.
node_modules/@injectivelabs/core-proto-ts/cjs/tendermint/types/params.d.ts(1,8): error TS1192: Module '"/Users/troykessler/Desktop/skip-test/node_modules/@injectivelabs/core-proto-ts/node_modules/protobufjs/minimal"' has no default export.
node_modules/@injectivelabs/core-proto-ts/cjs/tendermint/types/types.d.ts(1,8): error TS1192: Module '"/Users/troykessler/Desktop/skip-test/node_modules/@injectivelabs/core-proto-ts/node_modules/protobufjs/minimal"' has no default export.
node_modules/@injectivelabs/core-proto-ts/cjs/tendermint/types/validator.d.ts(1,8): error TS1192: Module '"/Users/troykessler/Desktop/skip-test/node_modules/@injectivelabs/core-proto-ts/node_modules/protobufjs/minimal"' has no default export.
node_modules/@injectivelabs/core-proto-ts/cjs/tendermint/version/types.d.ts(1,8): error TS1192: Module '"/Users/troykessler/Desktop/skip-test/node_modules/@injectivelabs/core-proto-ts/node_modules/protobufjs/minimal"' has no default export.
node_modules/@injectivelabs/sdk-ts/dist/cjs/core/modules/gov/msgs/MsgSubmitProposalExpiryFuturesMarketLaunch.d.ts(48,5): error TS2416: Property 'toAmino' in type 'MsgSubmitProposalExpiryFuturesMarketLaunch' is not assignable to the same property in base type 'MsgBase<Params, MsgSubmitProposal, Object>'.
  Type '() => { type: string; value: { initial_deposit: { denom: string; amount: string; }[]; proposer: string; content: { type_url: string; value: any; }; }; }' is not assignable to type '() => { type: string; value: MsgSubmitProposal | Object; }'.
    Call signature return types '{ type: string; value: { initial_deposit: { denom: string; amount: string; }[]; proposer: string; content: { type_url: string; value: any; }; }; }' and '{ type: string; value: MsgSubmitProposal | Object; }' are incompatible.
      The types of 'value' are incompatible between these types.
        Type '{ initial_deposit: { denom: string; amount: string; }[]; proposer: string; content: { type_url: string; value: any; }; }' is not assignable to type 'MsgSubmitProposal | Object'.
          Type '{ initial_deposit: { denom: string; amount: string; }[]; proposer: string; content: { type_url: string; value: any; }; }' is not assignable to type 'Object'.
            Property 'initialDeposit' is missing in type '{ initial_deposit: { denom: string; amount: string; }[]; proposer: string; content: { type_url: string; value: any; }; }' but required in type 'Omit<MsgSubmitProposal, "content">'.
node_modules/@injectivelabs/sdk-ts/dist/cjs/core/modules/gov/msgs/MsgSubmitProposalExpiryFuturesMarketLaunch.d.ts(62,5): error TS2416: Property 'toWeb3' in type 'MsgSubmitProposalExpiryFuturesMarketLaunch' is not assignable to the same property in base type 'MsgBase<Params, MsgSubmitProposal, Object>'.
  Type '() => { initial_deposit: { denom: string; amount: string; }[]; proposer: string; content: { type_url: string; value: any; }; '@type': string; }' is not assignable to type '() => Object | (MsgSubmitProposal & { '@type': string; })'.
    Type '{ initial_deposit: { denom: string; amount: string; }[]; proposer: string; content: { type_url: string; value: any; }; '@type': string; }' is not assignable to type 'Object | (MsgSubmitProposal & { '@type': string; })'.
      Type '{ initial_deposit: { denom: string; amount: string; }[]; proposer: string; content: { type_url: string; value: any; }; '@type': string; }' is not assignable to type 'MsgSubmitProposal & { '@type': string; }'.
        Property 'initialDeposit' is missing in type '{ initial_deposit: { denom: string; amount: string; }[]; proposer: string; content: { type_url: string; value: any; }; '@type': string; }' but required in type 'MsgSubmitProposal'.
node_modules/@injectivelabs/sdk-ts/dist/cjs/core/modules/gov/msgs/MsgSubmitProposalSpotMarketLaunch.d.ts(42,5): error TS2416: Property 'toAmino' in type 'MsgSubmitProposalSpotMarketLaunch' is not assignable to the same property in base type 'MsgBase<Params, MsgSubmitProposal, Object>'.
  Type '() => { type: string; value: { initial_deposit: { denom: string; amount: string; }[]; proposer: string; content: { type_url: string; value: any; }; }; }' is not assignable to type '() => { type: string; value: MsgSubmitProposal | Object; }'.
    Call signature return types '{ type: string; value: { initial_deposit: { denom: string; amount: string; }[]; proposer: string; content: { type_url: string; value: any; }; }; }' and '{ type: string; value: MsgSubmitProposal | Object; }' are incompatible.
      The types of 'value' are incompatible between these types.
        Type '{ initial_deposit: { denom: string; amount: string; }[]; proposer: string; content: { type_url: string; value: any; }; }' is not assignable to type 'MsgSubmitProposal | Object'.
          Type '{ initial_deposit: { denom: string; amount: string; }[]; proposer: string; content: { type_url: string; value: any; }; }' is not assignable to type 'Object'.
            Property 'initialDeposit' is missing in type '{ initial_deposit: { denom: string; amount: string; }[]; proposer: string; content: { type_url: string; value: any; }; }' but required in type 'Omit<MsgSubmitProposal, "content">'.
node_modules/@injectivelabs/sdk-ts/dist/cjs/core/modules/gov/msgs/MsgSubmitProposalSpotMarketLaunch.d.ts(56,5): error TS2416: Property 'toWeb3' in type 'MsgSubmitProposalSpotMarketLaunch' is not assignable to the same property in base type 'MsgBase<Params, MsgSubmitProposal, Object>'.
  Type '() => { initial_deposit: { denom: string; amount: string; }[]; proposer: string; content: { type_url: string; value: any; }; '@type': string; }' is not assignable to type '() => (MsgSubmitProposal & { '@type': string; }) | Object'.
    Type '{ initial_deposit: { denom: string; amount: string; }[]; proposer: string; content: { type_url: string; value: any; }; '@type': string; }' is not assignable to type '(MsgSubmitProposal & { '@type': string; }) | Object'.
      Type '{ initial_deposit: { denom: string; amount: string; }[]; proposer: string; content: { type_url: string; value: any; }; '@type': string; }' is not assignable to type 'MsgSubmitProposal & { '@type': string; }'.
        Property 'initialDeposit' is missing in type '{ initial_deposit: { denom: string; amount: string; }[]; proposer: string; content: { type_url: string; value: any; }; '@type': string; }' but required in type 'MsgSubmitProposal'.
node_modules/@injectivelabs/sdk-ts/dist/cjs/core/modules/gov/msgs/MsgSubmitProposalSpotMarketParamUpdate.d.ts(42,5): error TS2416: Property 'toAmino' in type 'MsgSubmitProposalSpotMarketParamUpdate' is not assignable to the same property in base type 'MsgBase<Params, MsgSubmitProposal, Object>'.
  Type '() => { type: string; value: { initial_deposit: { denom: string; amount: string; }[]; proposer: string; content: { type_url: string; value: any; }; }; }' is not assignable to type '() => { type: string; value: MsgSubmitProposal | Object; }'.
    Call signature return types '{ type: string; value: { initial_deposit: { denom: string; amount: string; }[]; proposer: string; content: { type_url: string; value: any; }; }; }' and '{ type: string; value: MsgSubmitProposal | Object; }' are incompatible.
      The types of 'value' are incompatible between these types.
        Type '{ initial_deposit: { denom: string; amount: string; }[]; proposer: string; content: { type_url: string; value: any; }; }' is not assignable to type 'MsgSubmitProposal | Object'.
          Type '{ initial_deposit: { denom: string; amount: string; }[]; proposer: string; content: { type_url: string; value: any; }; }' is not assignable to type 'Object'.
            Property 'initialDeposit' is missing in type '{ initial_deposit: { denom: string; amount: string; }[]; proposer: string; content: { type_url: string; value: any; }; }' but required in type 'Omit<MsgSubmitProposal, "content">'.
node_modules/@injectivelabs/sdk-ts/dist/cjs/core/modules/gov/msgs/MsgSubmitProposalSpotMarketParamUpdate.d.ts(56,5): error TS2416: Property 'toWeb3' in type 'MsgSubmitProposalSpotMarketParamUpdate' is not assignable to the same property in base type 'MsgBase<Params, MsgSubmitProposal, Object>'.
  Type '() => { initial_deposit: { denom: string; amount: string; }[]; proposer: string; content: { type_url: string; value: any; }; '@type': string; }' is not assignable to type '() => (MsgSubmitProposal & { '@type': string; }) | Object'.
    Type '{ initial_deposit: { denom: string; amount: string; }[]; proposer: string; content: { type_url: string; value: any; }; '@type': string; }' is not assignable to type '(MsgSubmitProposal & { '@type': string; }) | Object'.
      Type '{ initial_deposit: { denom: string; amount: string; }[]; proposer: string; content: { type_url: string; value: any; }; '@type': string; }' is not assignable to type 'MsgSubmitProposal & { '@type': string; }'.
        Property 'initialDeposit' is missing in type '{ initial_deposit: { denom: string; amount: string; }[]; proposer: string; content: { type_url: string; value: any; }; '@type': string; }' but required in type 'MsgSubmitProposal'.
node_modules/@injectivelabs/sdk-ts/dist/cjs/core/modules/gov/msgs/MsgSubmitTextProposal.d.ts(33,5): error TS2416: Property 'toAmino' in type 'MsgSubmitTextProposal' is not assignable to the same property in base type 'MsgBase<Params, MsgSubmitProposal, Object>'.
  Type '() => { type: string; value: { initial_deposit: { denom: string; amount: string; }[]; proposer: string; content: { type_url: string; value: any; }; }; }' is not assignable to type '() => { type: string; value: MsgSubmitProposal | Object; }'.
    Call signature return types '{ type: string; value: { initial_deposit: { denom: string; amount: string; }[]; proposer: string; content: { type_url: string; value: any; }; }; }' and '{ type: string; value: MsgSubmitProposal | Object; }' are incompatible.
      The types of 'value' are incompatible between these types.
        Type '{ initial_deposit: { denom: string; amount: string; }[]; proposer: string; content: { type_url: string; value: any; }; }' is not assignable to type 'MsgSubmitProposal | Object'.
          Type '{ initial_deposit: { denom: string; amount: string; }[]; proposer: string; content: { type_url: string; value: any; }; }' is not assignable to type 'Object'.
            Property 'initialDeposit' is missing in type '{ initial_deposit: { denom: string; amount: string; }[]; proposer: string; content: { type_url: string; value: any; }; }' but required in type 'Omit<MsgSubmitProposal, "content">'.
node_modules/@injectivelabs/sdk-ts/dist/cjs/core/modules/gov/msgs/MsgSubmitTextProposal.d.ts(47,5): error TS2416: Property 'toWeb3' in type 'MsgSubmitTextProposal' is not assignable to the same property in base type 'MsgBase<Params, MsgSubmitProposal, Object>'.
  Type '() => { initial_deposit: { denom: string; amount: string; }[]; proposer: string; content: { type_url: string; value: any; }; '@type': string; }' is not assignable to type '() => (MsgSubmitProposal & { '@type': string; }) | Object'.
    Type '{ initial_deposit: { denom: string; amount: string; }[]; proposer: string; content: { type_url: string; value: any; }; '@type': string; }' is not assignable to type '(MsgSubmitProposal & { '@type': string; }) | Object'.
      Type '{ initial_deposit: { denom: string; amount: string; }[]; proposer: string; content: { type_url: string; value: any; }; '@type': string; }' is not assignable to type 'MsgSubmitProposal & { '@type': string; }'.
        Property 'initialDeposit' is missing in type '{ initial_deposit: { denom: string; amount: string; }[]; proposer: string; content: { type_url: string; value: any; }; '@type': string; }' but required in type 'MsgSubmitProposal'.
node_modules/@solana/wallet-adapter-base/lib/types/adapter.d.ts(2,8): error TS1259: Module '"/Users/troykessler/Desktop/skip-test/node_modules/eventemitter3/index"' can only be default-imported using the 'esModuleInterop' flag
node_modules/cosmjs-types/helpers.d.ts(6,8): error TS1259: Module '"/Users/troykessler/Desktop/skip-test/node_modules/@types/long/index"' can only be default-imported using the 'esModuleInterop' flag
node_modules/type-fest/source/merge-deep.d.ts(140,5): error TS2321: Excessive stack depth comparing types 'PickRestType<ArrayTail<ArrayTail<Destination>>>[number]' and 'UnknownArrayOrTuple'.
node_modules/type-fest/source/merge-deep.d.ts(140,5): error TS2321: Excessive stack depth comparing types 'PickRestType<ArrayTail<ArrayTail<Destination>>>[number]' and 'UnknownRecord'.
node_modules/type-fest/source/merge-deep.d.ts(140,5): error TS2321: Excessive stack depth comparing types 'PickRestType<ArrayTail<ArrayTail<Source>>>[number]' and 'UnknownArrayOrTuple'.
node_modules/type-fest/source/merge-deep.d.ts(166,5): error TS2321: Excessive stack depth comparing types 'PickRestType<ArrayTail<ArrayTail<Destination>>>[number]' and 'UnknownArrayOrTuple'.
node_modules/type-fest/source/merge-deep.d.ts(166,5): error TS2321: Excessive stack depth comparing types 'PickRestType<ArrayTail<ArrayTail<Destination>>>[number]' and 'UnknownRecord'.
node_modules/type-fest/source/merge-deep.d.ts(166,5): error TS2321: Excessive stack depth comparing types 'PickRestType<ArrayTail<ArrayTail<Source>>>[number]' and 'UnknownArrayOrTuple'.
node_modules/type-fest/source/merge-deep.d.ts(192,5): error TS2321: Excessive stack depth comparing types 'PickRestType<ArrayTail<ArrayTail<Destination>>>[number]' and 'UnknownArrayOrTuple'.
node_modules/type-fest/source/merge-deep.d.ts(192,5): error TS2321: Excessive stack depth comparing types 'PickRestType<ArrayTail<ArrayTail<Destination>>>[number]' and 'UnknownRecord'.
node_modules/type-fest/source/merge-deep.d.ts(192,5): error TS2321: Excessive stack depth comparing types 'PickRestType<ArrayTail<ArrayTail<Source>>>[number]' and 'UnknownArrayOrTuple'.
node_modules/viem/_types/types/multicall.d.ts(12,18): error TS2589: Type instantiation is excessively deep and possibly infinite.
node_modules/viem/_types/utils/abi/parseEventLogs.d.ts(22,308): error TS2344: Type 'eventName extends ContractEventName<abi>[] ? eventName[number] : eventName' does not satisfy the constraint 'ContractEventName<abi>'.
  Type 'eventName | eventName[number]' is not assignable to type 'ContractEventName<abi>'.
    Type 'eventName' is not assignable to type 'ContractEventName<abi>'.
      Type 'ContractEventName<abi> | ContractEventName<abi>[]' is not assignable to type 'ContractEventName<abi>'.
        Type 'ContractEventName<abi>[]' is not assignable to type 'ContractEventName<abi>'.
node_modules/webauthn-p256/_types/types.d.ts(27,67): error TS2536: Type '_K' cannot be used to index type 'fallback'.
